<?xml version="1.0" encoding="UTF-8"?>
<testsuite name="steps_definition.TestRunner" tests="0" skipped="0" failures="0" errors="0" timestamp="1970-01-01T00:00:00" hostname="Marvins-MacBook-Pro.local" time="0.0">
  <properties/>
  <system-out><![CDATA[Feature: API Test for Todo list

  Scenario:  # src/test/resources/features/TodoApiTest.feature:4

Undefined scenarios:
src/test/resources/features/TodoApiTest.feature:4 # 

0 Scenarios
0 Steps
0m0.176s

]]></system-out>
  <system-err><![CDATA[]]></system-err>
</testsuite>
